<?xml version="1.0" encoding="UTF-8"?>
<!-- Generated by org.testng.reporters.JUnitReportReporter -->
<testsuite skipped="0" hostname="DESKTOP-I1B0MKV" name="org.test.TestngCode" tests="1" failures="0" timestamp="23 Sep 2019 05:12:59 GMT" time="17.542" errors="0">
  <testcase name="test1" time="17.542" classname="org.test.TestngCode"/>
</testsuite> <!-- org.test.TestngCode -->
